<?xml version="1.0"?>
<testsuite name='Titan' tests='10' failures='2' errors='0' skipped='0' inconc='0' time='118.00'>
  <testcase classname='HLR_Tests' name='TC_gsup_sai_err_invalid_imsi' time='0.008962'>
    <failure type='fail-verdict'>Unexpected SAI ERROR Cause
      HLR_Tests.ttcn:558 HLR_Tests control part
      HLR_Tests.ttcn:364 TC_gsup_sai_err_invalid_imsi testcase
    </failure>
  </testcase>
  <testcase classname='HLR_Tests' name='TC_gsup_sai' time='0.431623'/>
  <testcase classname='HLR_Tests' name='TC_gsup_ul_unknown_imsi' time='0.009124'/>
  <testcase classname='HLR_Tests' name='TC_gsup_sai_err_unknown_imsi' time='0.008056'/>
  <testcase classname='HLR_Tests' name='TC_gsup_ul' time='0.402349'/>
  <testcase classname='HLR_Tests' name='TC_vty' time='0.151754'/>
  <testcase classname='HLR_Tests' name='TC_vty_msisdn_isd' time='5.076033'>
    <failure type='fail-verdict'>Timeout waiting for ISD.req
      HLR_Tests.ttcn:564 HLR_Tests control part
      HLR_Tests.ttcn:485 TC_vty_msisdn_isd testcase
    </failure>
  </testcase>
  <testcase classname='HLR_Tests' name='TC_gsup_purge_cs' time='0.459958'/>
  <testcase classname='HLR_Tests' name='TC_gsup_purge_ps' time='0.467724'/>
  <testcase classname='HLR_Tests' name='TC_gsup_purge_unknown' time='0.008034'/>
</testsuite>
